[2m2024-06-26 00:35:01.918[0;39m [31mERROR[0;39m [35m28688[0;39m [2m--[[34mrequestId: [0;39m]--[[31mclientAddr: [0;39m]--[0;39m [2m[  restartedMain][0;39m [36mc.p.s.s.impl.SysOperationLogServiceImpl [0;39m [31mrun:27[0;39m [2m:[0;39m this error
[2m2024-06-26 00:36:17.283[0;39m [31mERROR[0;39m [35m30536[0;39m [2m--[[34mrequestId: [0;39m]--[[31mclientAddr: [0;39m]--[0;39m [2m[  restartedMain][0;39m [36mc.p.s.s.impl.SysOperationLogServiceImpl [0;39m [31mrun:27[0;39m [2m:[0;39m this error
[2m2024-06-26 00:36:30.998[0;39m [31mERROR[0;39m [35m30536[0;39m [2m--[[34mrequestId: [0;39m]--[[31mclientAddr: [0;39m]--[0;39m [2m[nio-8080-exec-1][0;39m [36mo.a.c.c.C.[.[.[/].[dispatcherServlet]   [0;39m [31mlog:175[0;39m [2m:[0;39m Servlet.service() for servlet [dispatcherServlet] in context with path [] threw exception [No adapter for handler [com.phoenix.scaffold.controller.HelloController@3e6b7fc8]: The DispatcherServlet configuration needs to include a HandlerAdapter that supports this handler] with root cause

jakarta.servlet.ServletException: No adapter for handler [com.phoenix.scaffold.controller.HelloController@3e6b7fc8]: The DispatcherServlet configuration needs to include a HandlerAdapter that supports this handler
	at org.springframework.web.servlet.DispatcherServlet.getHandlerAdapter(DispatcherServlet.java:1324)
	at org.springframework.web.servlet.DispatcherServlet.doDispatch(DispatcherServlet.java:1072)
	at org.springframework.web.servlet.DispatcherServlet.doService(DispatcherServlet.java:979)
	at org.springframework.web.servlet.FrameworkServlet.processRequest(FrameworkServlet.java:1014)
	at org.springframework.web.servlet.FrameworkServlet.doGet(FrameworkServlet.java:903)
	at jakarta.servlet.http.HttpServlet.service(HttpServlet.java:564)
	at org.springframework.web.servlet.FrameworkServlet.service(FrameworkServlet.java:885)
	at jakarta.servlet.http.HttpServlet.service(HttpServlet.java:658)
	at org.apache.catalina.core.ApplicationFilterChain.internalDoFilter(ApplicationFilterChain.java:195)
	at org.apache.catalina.core.ApplicationFilterChain.doFilter(ApplicationFilterChain.java:140)
	at org.apache.tomcat.websocket.server.WsFilter.doFilter(WsFilter.java:51)
	at org.apache.catalina.core.ApplicationFilterChain.internalDoFilter(ApplicationFilterChain.java:164)
	at org.apache.catalina.core.ApplicationFilterChain.doFilter(ApplicationFilterChain.java:140)
	at org.springframework.web.filter.RequestContextFilter.doFilterInternal(RequestContextFilter.java:100)
	at org.springframework.web.filter.OncePerRequestFilter.doFilter(OncePerRequestFilter.java:116)
	at org.apache.catalina.core.ApplicationFilterChain.internalDoFilter(ApplicationFilterChain.java:164)
	at org.apache.catalina.core.ApplicationFilterChain.doFilter(ApplicationFilterChain.java:140)
	at org.springframework.web.filter.FormContentFilter.doFilterInternal(FormContentFilter.java:93)
	at org.springframework.web.filter.OncePerRequestFilter.doFilter(OncePerRequestFilter.java:116)
	at org.apache.catalina.core.ApplicationFilterChain.internalDoFilter(ApplicationFilterChain.java:164)
	at org.apache.catalina.core.ApplicationFilterChain.doFilter(ApplicationFilterChain.java:140)
	at org.springframework.web.filter.ServerHttpObservationFilter.doFilterInternal(ServerHttpObservationFilter.java:107)
	at org.springframework.web.filter.OncePerRequestFilter.doFilter(OncePerRequestFilter.java:116)
	at org.apache.catalina.core.ApplicationFilterChain.internalDoFilter(ApplicationFilterChain.java:164)
	at org.apache.catalina.core.ApplicationFilterChain.doFilter(ApplicationFilterChain.java:140)
	at org.springframework.web.filter.CharacterEncodingFilter.doFilterInternal(CharacterEncodingFilter.java:201)
	at org.springframework.web.filter.OncePerRequestFilter.doFilter(OncePerRequestFilter.java:116)
	at org.apache.catalina.core.ApplicationFilterChain.internalDoFilter(ApplicationFilterChain.java:164)
	at org.apache.catalina.core.ApplicationFilterChain.doFilter(ApplicationFilterChain.java:140)
	at org.apache.catalina.core.StandardWrapperValve.invoke(StandardWrapperValve.java:167)
	at org.apache.catalina.core.StandardContextValve.invoke(StandardContextValve.java:90)
	at org.apache.catalina.authenticator.AuthenticatorBase.invoke(AuthenticatorBase.java:482)
	at org.apache.catalina.core.StandardHostValve.invoke(StandardHostValve.java:115)
	at org.apache.catalina.valves.ErrorReportValve.invoke(ErrorReportValve.java:93)
	at org.apache.catalina.core.StandardEngineValve.invoke(StandardEngineValve.java:74)
	at org.apache.catalina.connector.CoyoteAdapter.service(CoyoteAdapter.java:344)
	at org.apache.coyote.http11.Http11Processor.service(Http11Processor.java:389)
	at org.apache.coyote.AbstractProcessorLight.process(AbstractProcessorLight.java:63)
	at org.apache.coyote.AbstractProtocol$ConnectionHandler.process(AbstractProtocol.java:904)
	at org.apache.tomcat.util.net.NioEndpoint$SocketProcessor.doRun(NioEndpoint.java:1741)
	at org.apache.tomcat.util.net.SocketProcessorBase.run(SocketProcessorBase.java:52)
	at org.apache.tomcat.util.threads.ThreadPoolExecutor.runWorker(ThreadPoolExecutor.java:1190)
	at org.apache.tomcat.util.threads.ThreadPoolExecutor$Worker.run(ThreadPoolExecutor.java:659)
	at org.apache.tomcat.util.threads.TaskThread$WrappingRunnable.run(TaskThread.java:63)
	at java.base/java.lang.Thread.run(Thread.java:1583)

[2m2024-06-26 00:37:16.623[0;39m [31mERROR[0;39m [35m30536[0;39m [2m--[[34mrequestId: [0;39m]--[[31mclientAddr: [0;39m]--[0;39m [2m[nio-8080-exec-3][0;39m [36mo.a.c.c.C.[.[.[/].[dispatcherServlet]   [0;39m [31mlog:175[0;39m [2m:[0;39m Servlet.service() for servlet [dispatcherServlet] in context with path [] threw exception [No adapter for handler [com.phoenix.scaffold.controller.HelloController@3e6b7fc8]: The DispatcherServlet configuration needs to include a HandlerAdapter that supports this handler] with root cause

jakarta.servlet.ServletException: No adapter for handler [com.phoenix.scaffold.controller.HelloController@3e6b7fc8]: The DispatcherServlet configuration needs to include a HandlerAdapter that supports this handler
	at org.springframework.web.servlet.DispatcherServlet.getHandlerAdapter(DispatcherServlet.java:1324)
	at org.springframework.web.servlet.DispatcherServlet.doDispatch(DispatcherServlet.java:1072)
	at org.springframework.web.servlet.DispatcherServlet.doService(DispatcherServlet.java:979)
	at org.springframework.web.servlet.FrameworkServlet.processRequest(FrameworkServlet.java:1014)
	at org.springframework.web.servlet.FrameworkServlet.doGet(FrameworkServlet.java:903)
	at jakarta.servlet.http.HttpServlet.service(HttpServlet.java:564)
	at org.springframework.web.servlet.FrameworkServlet.service(FrameworkServlet.java:885)
	at jakarta.servlet.http.HttpServlet.service(HttpServlet.java:658)
	at org.apache.catalina.core.ApplicationFilterChain.internalDoFilter(ApplicationFilterChain.java:195)
	at org.apache.catalina.core.ApplicationFilterChain.doFilter(ApplicationFilterChain.java:140)
	at org.apache.tomcat.websocket.server.WsFilter.doFilter(WsFilter.java:51)
	at org.apache.catalina.core.ApplicationFilterChain.internalDoFilter(ApplicationFilterChain.java:164)
	at org.apache.catalina.core.ApplicationFilterChain.doFilter(ApplicationFilterChain.java:140)
	at org.springframework.web.filter.RequestContextFilter.doFilterInternal(RequestContextFilter.java:100)
	at org.springframework.web.filter.OncePerRequestFilter.doFilter(OncePerRequestFilter.java:116)
	at org.apache.catalina.core.ApplicationFilterChain.internalDoFilter(ApplicationFilterChain.java:164)
	at org.apache.catalina.core.ApplicationFilterChain.doFilter(ApplicationFilterChain.java:140)
	at org.springframework.web.filter.FormContentFilter.doFilterInternal(FormContentFilter.java:93)
	at org.springframework.web.filter.OncePerRequestFilter.doFilter(OncePerRequestFilter.java:116)
	at org.apache.catalina.core.ApplicationFilterChain.internalDoFilter(ApplicationFilterChain.java:164)
	at org.apache.catalina.core.ApplicationFilterChain.doFilter(ApplicationFilterChain.java:140)
	at org.springframework.web.filter.ServerHttpObservationFilter.doFilterInternal(ServerHttpObservationFilter.java:107)
	at org.springframework.web.filter.OncePerRequestFilter.doFilter(OncePerRequestFilter.java:116)
	at org.apache.catalina.core.ApplicationFilterChain.internalDoFilter(ApplicationFilterChain.java:164)
	at org.apache.catalina.core.ApplicationFilterChain.doFilter(ApplicationFilterChain.java:140)
	at org.springframework.web.filter.CharacterEncodingFilter.doFilterInternal(CharacterEncodingFilter.java:201)
	at org.springframework.web.filter.OncePerRequestFilter.doFilter(OncePerRequestFilter.java:116)
	at org.apache.catalina.core.ApplicationFilterChain.internalDoFilter(ApplicationFilterChain.java:164)
	at org.apache.catalina.core.ApplicationFilterChain.doFilter(ApplicationFilterChain.java:140)
	at org.apache.catalina.core.StandardWrapperValve.invoke(StandardWrapperValve.java:167)
	at org.apache.catalina.core.StandardContextValve.invoke(StandardContextValve.java:90)
	at org.apache.catalina.authenticator.AuthenticatorBase.invoke(AuthenticatorBase.java:482)
	at org.apache.catalina.core.StandardHostValve.invoke(StandardHostValve.java:115)
	at org.apache.catalina.valves.ErrorReportValve.invoke(ErrorReportValve.java:93)
	at org.apache.catalina.core.StandardEngineValve.invoke(StandardEngineValve.java:74)
	at org.apache.catalina.connector.CoyoteAdapter.service(CoyoteAdapter.java:344)
	at org.apache.coyote.http11.Http11Processor.service(Http11Processor.java:389)
	at org.apache.coyote.AbstractProcessorLight.process(AbstractProcessorLight.java:63)
	at org.apache.coyote.AbstractProtocol$ConnectionHandler.process(AbstractProtocol.java:904)
	at org.apache.tomcat.util.net.NioEndpoint$SocketProcessor.doRun(NioEndpoint.java:1741)
	at org.apache.tomcat.util.net.SocketProcessorBase.run(SocketProcessorBase.java:52)
	at org.apache.tomcat.util.threads.ThreadPoolExecutor.runWorker(ThreadPoolExecutor.java:1190)
	at org.apache.tomcat.util.threads.ThreadPoolExecutor$Worker.run(ThreadPoolExecutor.java:659)
	at org.apache.tomcat.util.threads.TaskThread$WrappingRunnable.run(TaskThread.java:63)
	at java.base/java.lang.Thread.run(Thread.java:1583)

[2m2024-06-26 00:38:12.130[0;39m [31mERROR[0;39m [35m4060[0;39m [2m--[[34mrequestId: [0;39m]--[[31mclientAddr: [0;39m]--[0;39m [2m[  restartedMain][0;39m [36mc.p.s.s.impl.SysOperationLogServiceImpl [0;39m [31mrun:27[0;39m [2m:[0;39m this error
[2m2024-06-26 00:38:20.256[0;39m [31mERROR[0;39m [35m4060[0;39m [2m--[[34mrequestId: [0;39m]--[[31mclientAddr: [0;39m]--[0;39m [2m[nio-8080-exec-1][0;39m [36mo.a.c.c.C.[.[.[/].[dispatcherServlet]   [0;39m [31mlog:175[0;39m [2m:[0;39m Servlet.service() for servlet [dispatcherServlet] in context with path [] threw exception [No adapter for handler [com.phoenix.scaffold.controller.HelloController@4950fe20]: The DispatcherServlet configuration needs to include a HandlerAdapter that supports this handler] with root cause

jakarta.servlet.ServletException: No adapter for handler [com.phoenix.scaffold.controller.HelloController@4950fe20]: The DispatcherServlet configuration needs to include a HandlerAdapter that supports this handler
	at org.springframework.web.servlet.DispatcherServlet.getHandlerAdapter(DispatcherServlet.java:1324)
	at org.springframework.web.servlet.DispatcherServlet.doDispatch(DispatcherServlet.java:1072)
	at org.springframework.web.servlet.DispatcherServlet.doService(DispatcherServlet.java:979)
	at org.springframework.web.servlet.FrameworkServlet.processRequest(FrameworkServlet.java:1014)
	at org.springframework.web.servlet.FrameworkServlet.doGet(FrameworkServlet.java:903)
	at jakarta.servlet.http.HttpServlet.service(HttpServlet.java:564)
	at org.springframework.web.servlet.FrameworkServlet.service(FrameworkServlet.java:885)
	at jakarta.servlet.http.HttpServlet.service(HttpServlet.java:658)
	at org.apache.catalina.core.ApplicationFilterChain.internalDoFilter(ApplicationFilterChain.java:195)
	at org.apache.catalina.core.ApplicationFilterChain.doFilter(ApplicationFilterChain.java:140)
	at org.apache.tomcat.websocket.server.WsFilter.doFilter(WsFilter.java:51)
	at org.apache.catalina.core.ApplicationFilterChain.internalDoFilter(ApplicationFilterChain.java:164)
	at org.apache.catalina.core.ApplicationFilterChain.doFilter(ApplicationFilterChain.java:140)
	at org.springframework.web.filter.RequestContextFilter.doFilterInternal(RequestContextFilter.java:100)
	at org.springframework.web.filter.OncePerRequestFilter.doFilter(OncePerRequestFilter.java:116)
	at org.apache.catalina.core.ApplicationFilterChain.internalDoFilter(ApplicationFilterChain.java:164)
	at org.apache.catalina.core.ApplicationFilterChain.doFilter(ApplicationFilterChain.java:140)
	at org.springframework.web.filter.FormContentFilter.doFilterInternal(FormContentFilter.java:93)
	at org.springframework.web.filter.OncePerRequestFilter.doFilter(OncePerRequestFilter.java:116)
	at org.apache.catalina.core.ApplicationFilterChain.internalDoFilter(ApplicationFilterChain.java:164)
	at org.apache.catalina.core.ApplicationFilterChain.doFilter(ApplicationFilterChain.java:140)
	at org.springframework.web.filter.ServerHttpObservationFilter.doFilterInternal(ServerHttpObservationFilter.java:107)
	at org.springframework.web.filter.OncePerRequestFilter.doFilter(OncePerRequestFilter.java:116)
	at org.apache.catalina.core.ApplicationFilterChain.internalDoFilter(ApplicationFilterChain.java:164)
	at org.apache.catalina.core.ApplicationFilterChain.doFilter(ApplicationFilterChain.java:140)
	at org.springframework.web.filter.CharacterEncodingFilter.doFilterInternal(CharacterEncodingFilter.java:201)
	at org.springframework.web.filter.OncePerRequestFilter.doFilter(OncePerRequestFilter.java:116)
	at org.apache.catalina.core.ApplicationFilterChain.internalDoFilter(ApplicationFilterChain.java:164)
	at org.apache.catalina.core.ApplicationFilterChain.doFilter(ApplicationFilterChain.java:140)
	at org.apache.catalina.core.StandardWrapperValve.invoke(StandardWrapperValve.java:167)
	at org.apache.catalina.core.StandardContextValve.invoke(StandardContextValve.java:90)
	at org.apache.catalina.authenticator.AuthenticatorBase.invoke(AuthenticatorBase.java:482)
	at org.apache.catalina.core.StandardHostValve.invoke(StandardHostValve.java:115)
	at org.apache.catalina.valves.ErrorReportValve.invoke(ErrorReportValve.java:93)
	at org.apache.catalina.core.StandardEngineValve.invoke(StandardEngineValve.java:74)
	at org.apache.catalina.connector.CoyoteAdapter.service(CoyoteAdapter.java:344)
	at org.apache.coyote.http11.Http11Processor.service(Http11Processor.java:389)
	at org.apache.coyote.AbstractProcessorLight.process(AbstractProcessorLight.java:63)
	at org.apache.coyote.AbstractProtocol$ConnectionHandler.process(AbstractProtocol.java:904)
	at org.apache.tomcat.util.net.NioEndpoint$SocketProcessor.doRun(NioEndpoint.java:1741)
	at org.apache.tomcat.util.net.SocketProcessorBase.run(SocketProcessorBase.java:52)
	at org.apache.tomcat.util.threads.ThreadPoolExecutor.runWorker(ThreadPoolExecutor.java:1190)
	at org.apache.tomcat.util.threads.ThreadPoolExecutor$Worker.run(ThreadPoolExecutor.java:659)
	at org.apache.tomcat.util.threads.TaskThread$WrappingRunnable.run(TaskThread.java:63)
	at java.base/java.lang.Thread.run(Thread.java:1583)

[2m2024-06-26 00:39:02.236[0;39m [31mERROR[0;39m [35m4060[0;39m [2m--[[34mrequestId: [0;39m]--[[31mclientAddr: [0;39m]--[0;39m [2m[  restartedMain][0;39m [36mc.p.s.s.impl.SysOperationLogServiceImpl [0;39m [31mrun:27[0;39m [2m:[0;39m this error
[2m2024-06-26 00:39:06.798[0;39m [31mERROR[0;39m [35m30356[0;39m [2m--[[34mrequestId: [0;39m]--[[31mclientAddr: [0;39m]--[0;39m [2m[  restartedMain][0;39m [36mc.p.s.s.impl.SysOperationLogServiceImpl [0;39m [31mrun:27[0;39m [2m:[0;39m this error
[2m2024-06-26 00:40:03.497[0;39m [31mERROR[0;39m [35m34912[0;39m [2m--[[34mrequestId: [0;39m]--[[31mclientAddr: [0;39m]--[0;39m [2m[           main][0;39m [36mc.p.s.s.impl.SysOperationLogServiceImpl [0;39m [31mrun:27[0;39m [2m:[0;39m this error
[2m2024-06-26 00:42:17.896[0;39m [31mERROR[0;39m [35m35860[0;39m [2m--[[34mrequestId: [0;39m]--[[31mclientAddr: [0;39m]--[0;39m [2m[           main][0;39m [36mc.p.s.s.impl.SysOperationLogServiceImpl [0;39m [31mrun:27[0;39m [2m:[0;39m this error
[2m2024-06-26 00:44:01.272[0;39m [31mERROR[0;39m [35m46328[0;39m [2m--[[34mrequestId: [0;39m]--[[31mclientAddr: [0;39m]--[0;39m [2m[           main][0;39m [36mc.p.s.s.impl.SysOperationLogServiceImpl [0;39m [31mrun:27[0;39m [2m:[0;39m this error
[2m2024-06-26 00:45:26.056[0;39m [31mERROR[0;39m [35m46428[0;39m [2m--[[34mrequestId: [0;39m]--[[31mclientAddr: [0;39m]--[0;39m [2m[           main][0;39m [36mc.p.s.s.impl.SysOperationLogServiceImpl [0;39m [31mrun:27[0;39m [2m:[0;39m this error
